19:02:46.345 [main] DEBUG main.comp.Setup - Heya
19:03:05.069 [main] DEBUG main.comp.Setup - Starting Setup
19:05:26.096 [main] DEBUG main.comp.Setup - Starting Setup
19:06:35.546 [main] DEBUG main.comp.Setup - Starting Setup
19:06:35.549 [main] DEBUG main.comp.Setup - Found compiler, runtime compiling available false .
19:06:49.429 [main] DEBUG main.comp.Setup - Starting Setup
19:06:49.432 [main] DEBUG main.comp.Setup - Found compiler, runtime compiling available true.
21:21:29.305 [main] DEBUG main.comp.Setup - Starting Setup
21:21:29.309 [main] DEBUG main.comp.Setup - Found compiler, runtime compiling available - true.
21:25:38.565 [main] DEBUG main.comp.Setup - Starting Setup
21:25:38.569 [main] DEBUG main.comp.Setup - Found compiler, runtime compiling available - true.
21:25:38.570 [main] DEBUG main.comp.Setup - Starting Reload Search...
21:25:38.570 [main] DEBUG main.comp.Setup - Found: 4 File in Dir: C:\Users\James.M\eclipse-workspace\HotSwap\src\main\java. it took: 0MS
21:31:26.643 [main] DEBUG main.comp.Setup - Starting Setup
21:31:26.646 [main] DEBUG main.comp.Setup - Found compiler, runtime compiling available - true.
21:31:26.647 [main] DEBUG main.comp.Setup - Starting Reload Search...
21:31:26.648 [main] DEBUG main.comp.Setup - Found: 4 File in Dir: C:\Users\James.M\eclipse-workspace\HotSwap\src\main\java. it took: 1MS
21:31:26.648 [main] DEBUG main.comp.Setup - Reading file data
21:31:26.648 [main] DEBUG main.comp.Setup - Trying to read file: ProgramInfo.java. 
21:31:26.649 [main] DEBUG main.comp.Setup - Trying to read file: ProjectBuilder.java. 
21:31:26.650 [main] DEBUG main.comp.Setup - Trying to read file: Setup.java. 
21:31:26.650 [main] DEBUG main.comp.Setup - Trying to read file: Main.java. 
21:43:33.192 [main] DEBUG main.comp.Setup - Starting Setup
21:43:33.195 [main] DEBUG main.comp.Setup - Found compiler, runtime compiling available - true.
21:43:33.196 [main] DEBUG main.comp.Setup - Starting Reload Search...
21:43:33.196 [main] DEBUG main.comp.Setup - Found: 4 File in Dir: C:\Users\James.M\eclipse-workspace\HotSwap\src\main\java. it took: 0MS
21:43:33.197 [main] DEBUG main.comp.Setup - Starting Compile...
21:43:33.197 [main] DEBUG main.comp.Setup - Trying to Compile file: ProgramInfo.java. 
21:43:33.420 [main] DEBUG main.comp.Setup - Compiled: ProgramInfo.java Succesfully!
21:43:33.420 [main] DEBUG main.comp.Setup - Trying to Compile file: ProjectBuilder.java. 
21:43:33.547 [main] DEBUG main.comp.Setup - Compiled: ProjectBuilder.java Succesfully!
21:43:33.548 [main] DEBUG main.comp.Setup - Trying to Compile file: Setup.java. 
21:43:33.605 [main] DEBUG main.comp.Setup - Compiled: Setup.java Succesfully!
21:43:33.605 [main] DEBUG main.comp.Setup - Trying to Compile file: Main.java. 
21:43:33.664 [main] DEBUG main.comp.Setup - Compiled: Main.java Succesfully!
21:48:38.458 [main] DEBUG main.comp.Setup - Starting Setup
21:48:38.462 [main] DEBUG main.comp.Setup - Found compiler, runtime compiling available - true.
21:48:38.462 [main] DEBUG main.comp.Setup - Starting Reload Search...
21:48:38.464 [main] DEBUG main.comp.Setup - Found: 5 File in Dir: C:\Users\James.M\eclipse-workspace\jcat\src\main\java. it took: 1MS
21:48:38.464 [main] DEBUG main.comp.Setup - Starting Compile...
21:48:38.464 [main] DEBUG main.comp.Setup - Trying to Compile file: JCParser.java. 
21:48:38.708 [main] DEBUG main.comp.Setup - Failed to compile file: JCParser.java. 
21:48:38.708 [main] DEBUG main.comp.Setup - Trying to Compile file: Output.java. 
21:48:38.767 [main] DEBUG main.comp.Setup - Failed to compile file: Output.java. 
21:48:38.767 [main] DEBUG main.comp.Setup - Trying to Compile file: TestP.java. 
21:48:38.816 [main] DEBUG main.comp.Setup - Failed to compile file: TestP.java. 
21:48:38.816 [main] DEBUG main.comp.Setup - Trying to Compile file: AnnotateType.java. 
21:48:38.904 [main] DEBUG main.comp.Setup - Compiled: AnnotateType.java Succesfully!
21:48:38.905 [main] DEBUG main.comp.Setup - Trying to Compile file: ParseVariable.java. 
21:48:38.952 [main] DEBUG main.comp.Setup - Failed to compile file: ParseVariable.java. 
21:48:38.953 [main] DEBUG main.comp.Setup - Finding Class: TestP. and executing method: main.
21:48:38.953 [main] DEBUG main.comp.Setup - Error Executing Class: TestP. and executing method: main
21:50:34.060 [main] DEBUG main.comp.Setup - Starting Setup
21:50:34.063 [main] DEBUG main.comp.Setup - Found compiler, runtime compiling available - true.
21:50:34.064 [main] DEBUG main.comp.Setup - Starting Reload Search...
21:50:34.064 [main] DEBUG main.comp.Setup - Found: 5 File in Dir: C:\Users\James.M\eclipse-workspace\jcat\src\main\java. it took: 0MS
21:50:34.065 [main] DEBUG main.comp.Setup - Starting Compile...
21:50:34.065 [main] DEBUG main.comp.Setup - Trying to Compile file: JCParser.java. 
21:50:34.304 [main] DEBUG main.comp.Setup - Failed to compile file: JCParser.java. 
21:50:34.304 [main] DEBUG main.comp.Setup - Trying to Compile file: Output.java. 
21:50:34.358 [main] DEBUG main.comp.Setup - Failed to compile file: Output.java. 
21:50:34.359 [main] DEBUG main.comp.Setup - Trying to Compile file: TestP.java. 
21:50:34.407 [main] DEBUG main.comp.Setup - Failed to compile file: TestP.java. 
21:50:34.407 [main] DEBUG main.comp.Setup - Trying to Compile file: AnnotateType.java. 
21:50:34.495 [main] DEBUG main.comp.Setup - Compiled: AnnotateType.java Succesfully!
21:50:34.495 [main] DEBUG main.comp.Setup - Trying to Compile file: ParseVariable.java. 
21:50:34.541 [main] DEBUG main.comp.Setup - Failed to compile file: ParseVariable.java. 
21:50:34.541 [main] DEBUG main.comp.Setup - Finding Class: TestP. and executing method: main.
21:50:34.541 [main] DEBUG main.comp.Setup - Error Executing Class: TestP. and executing method: main
21:56:29.908 [main] DEBUG main.comp.Setup - Starting Setup
21:56:29.911 [main] DEBUG main.comp.Setup - Found compiler, runtime compiling available - true.
21:56:29.912 [main] DEBUG main.comp.Setup - Starting Reload Search...
21:56:29.913 [main] DEBUG main.comp.Setup - Found: 5 File in Dir: C:\Users\James.M\eclipse-workspace\jcat\src\main\java. it took: 1MS
21:56:29.913 [main] DEBUG main.comp.Setup - Starting Compile...
21:56:29.913 [main] DEBUG main.comp.Setup - Trying to Compile file: JCParser.java. 
21:56:30.148 [main] DEBUG main.comp.Setup - Failed to compile file: JCParser.java. 
21:56:30.149 [main] DEBUG main.comp.Setup - Trying to Compile file: Output.java. 
21:56:30.200 [main] DEBUG main.comp.Setup - Failed to compile file: Output.java. 
21:56:30.200 [main] DEBUG main.comp.Setup - Trying to Compile file: TestP.java. 
21:56:30.247 [main] DEBUG main.comp.Setup - Failed to compile file: TestP.java. 
21:56:30.247 [main] DEBUG main.comp.Setup - Trying to Compile file: AnnotateType.java. 
21:56:30.322 [main] DEBUG main.comp.Setup - Compiled: AnnotateType.java Succesfully!
21:56:30.322 [main] DEBUG main.comp.Setup - Trying to Compile file: ParseVariable.java. 
21:56:30.371 [main] DEBUG main.comp.Setup - Failed to compile file: ParseVariable.java. 
21:57:21.662 [main] DEBUG main.comp.Setup - Starting Setup
21:57:21.666 [main] DEBUG main.comp.Setup - Found compiler, runtime compiling available - true.
21:57:21.667 [main] DEBUG main.comp.Setup - Starting Reload Search...
21:57:21.667 [main] DEBUG main.comp.Setup - Found: 5 File in Dir: C:\Users\James.M\eclipse-workspace\jcat\src\main\java. it took: 0MS
21:57:21.667 [main] DEBUG main.comp.Setup - Starting Compile...
21:57:21.667 [main] DEBUG main.comp.Setup - Trying to Compile file: JCParser.java. 
21:57:21.913 [main] DEBUG main.comp.Setup - Failed to compile file: JCParser.java. 
21:57:21.913 [main] DEBUG main.comp.Setup - Trying to Compile file: Output.java. 
21:57:21.969 [main] DEBUG main.comp.Setup - Failed to compile file: Output.java. 
21:57:21.969 [main] DEBUG main.comp.Setup - Trying to Compile file: TestP.java. 
21:57:22.017 [main] DEBUG main.comp.Setup - Failed to compile file: TestP.java. 
21:57:22.017 [main] DEBUG main.comp.Setup - Trying to Compile file: AnnotateType.java. 
21:57:22.105 [main] DEBUG main.comp.Setup - Compiled: AnnotateType.java Succesfully!
21:57:22.105 [main] DEBUG main.comp.Setup - Trying to Compile file: ParseVariable.java. 
21:57:22.151 [main] DEBUG main.comp.Setup - Failed to compile file: ParseVariable.java. 
21:57:22.152 [main] DEBUG main.comp.Setup - Finding Class: TestP. and executing method: main.
21:57:22.152 [main] DEBUG main.comp.Setup - Error Executing Class: TestP. and executing method: main
22:01:03.799 [main] DEBUG main.comp.Setup - Starting Setup
22:01:03.803 [main] DEBUG main.comp.Setup - Found compiler, runtime compiling available - true.
22:01:03.804 [main] DEBUG main.comp.Setup - Starting Reload Search...
22:01:03.804 [main] DEBUG main.comp.Setup - Found: 5 File in Dir: C:\Users\James.M\eclipse-workspace\jcat\src\main\java. it took: 0MS
22:01:03.805 [main] DEBUG main.comp.Setup - Starting Compile...
22:01:03.805 [main] DEBUG main.comp.Setup - Trying to Compile file: JCParser.java. 
22:01:04.049 [main] DEBUG main.comp.Setup - Failed to compile file: JCParser.java. 
22:01:04.049 [main] DEBUG main.comp.Setup - Trying to Compile file: Output.java. 
22:01:04.102 [main] DEBUG main.comp.Setup - Failed to compile file: Output.java. 
22:01:04.102 [main] DEBUG main.comp.Setup - Trying to Compile file: TestP.java. 
22:01:04.148 [main] DEBUG main.comp.Setup - Failed to compile file: TestP.java. 
22:01:04.148 [main] DEBUG main.comp.Setup - Trying to Compile file: AnnotateType.java. 
22:01:04.229 [main] DEBUG main.comp.Setup - Compiled: AnnotateType.java Succesfully!
22:01:04.229 [main] DEBUG main.comp.Setup - Trying to Compile file: ParseVariable.java. 
22:01:04.277 [main] DEBUG main.comp.Setup - Failed to compile file: ParseVariable.java. 
22:01:04.279 [main] DEBUG main.comp.Setup - Finding Class: TestP. and executing method: main.
22:01:04.280 [main] DEBUG main.comp.Setup - Error Executing Class: TestP. and executing method: main
22:02:34.166 [main] DEBUG main.comp.Setup - Starting Setup
22:02:34.169 [main] DEBUG main.comp.Setup - Found compiler, runtime compiling available - true.
22:02:34.170 [main] DEBUG main.comp.Setup - Starting Reload Search...
22:02:34.170 [main] DEBUG main.comp.Setup - Found: 5 File in Dir: C:\Users\James.M\eclipse-workspace\jcat\src\main\java. it took: 0MS
22:02:34.170 [main] DEBUG main.comp.Setup - Starting Compile...
22:02:34.171 [main] DEBUG main.comp.Setup - Trying to Compile file: JCParser.java. 
22:02:34.413 [main] DEBUG main.comp.Setup - Failed to compile file: JCParser.java. 
22:02:34.413 [main] DEBUG main.comp.Setup - Trying to Compile file: Output.java. 
22:02:34.468 [main] DEBUG main.comp.Setup - Failed to compile file: Output.java. 
22:02:34.468 [main] DEBUG main.comp.Setup - Trying to Compile file: TestP.java. 
22:02:34.516 [main] DEBUG main.comp.Setup - Failed to compile file: TestP.java. 
22:02:34.516 [main] DEBUG main.comp.Setup - Trying to Compile file: AnnotateType.java. 
22:02:34.602 [main] DEBUG main.comp.Setup - Compiled: AnnotateType.java Succesfully!
22:02:34.602 [main] DEBUG main.comp.Setup - Trying to Compile file: ParseVariable.java. 
22:02:34.649 [main] DEBUG main.comp.Setup - Failed to compile file: ParseVariable.java. 
22:02:34.650 [main] DEBUG main.comp.Setup - Finding Class: TestP. and executing method: main.
22:02:34.651 [main] DEBUG main.comp.Setup - Error Executing Class: TestP. and executing method: main
22:05:47.261 [main] DEBUG main.comp.Setup - Starting Setup
22:05:47.265 [main] DEBUG main.comp.Setup - Found compiler, runtime compiling available - true.
22:05:47.265 [main] DEBUG main.comp.Setup - Starting Reload Search...
22:05:47.266 [main] DEBUG main.comp.Setup - Found: 5 File in Dir: C:\Users\James.M\eclipse-workspace\jcat\src\main\java. it took: 0MS
22:05:47.266 [main] DEBUG main.comp.Setup - Starting Compile...
22:05:47.287 [main] DEBUG main.comp.Setup - Trying to Compile file: JCParser.java. 
22:05:47.505 [main] DEBUG main.comp.Setup - Failed to compile file: JCParser.java. 
22:05:47.505 [main] DEBUG main.comp.Setup - Trying to Compile file: Output.java. 
22:05:47.558 [main] DEBUG main.comp.Setup - Failed to compile file: Output.java. 
22:05:47.558 [main] DEBUG main.comp.Setup - Trying to Compile file: TestP.java. 
22:05:47.606 [main] DEBUG main.comp.Setup - Failed to compile file: TestP.java. 
22:05:47.606 [main] DEBUG main.comp.Setup - Trying to Compile file: AnnotateType.java. 
22:05:47.690 [main] DEBUG main.comp.Setup - Compiled: AnnotateType.java Succesfully!
22:05:47.690 [main] DEBUG main.comp.Setup - Trying to Compile file: ParseVariable.java. 
22:05:47.746 [main] DEBUG main.comp.Setup - Failed to compile file: ParseVariable.java. 
22:05:47.748 [main] DEBUG main.comp.Setup - Finding Class: TestP. and executing method: main.
22:05:47.748 [main] DEBUG main.comp.Setup - Error Executing Class: TestP. and executing method: main
22:07:46.701 [main] DEBUG main.comp.Setup - Starting Setup
22:07:46.705 [main] DEBUG main.comp.Setup - Found compiler, runtime compiling available - true.
22:07:46.705 [main] DEBUG main.comp.Setup - Starting Reload Search...
22:07:46.706 [main] DEBUG main.comp.Setup - Found: 5 File in Dir: C:\Users\James.M\eclipse-workspace\jcat\src\main\java. it took: 0MS
22:07:46.706 [main] DEBUG main.comp.Setup - Starting Compile...
22:07:46.737 [main] DEBUG main.comp.Setup - Trying to Compile file: JCParser.java. 
22:07:46.947 [main] DEBUG main.comp.Setup - Failed to compile file: JCParser.java. 
22:07:46.947 [main] DEBUG main.comp.Setup - Trying to Compile file: Output.java. 
22:07:47.000 [main] DEBUG main.comp.Setup - Failed to compile file: Output.java. 
22:07:47.000 [main] DEBUG main.comp.Setup - Trying to Compile file: TestP.java. 
22:07:47.048 [main] DEBUG main.comp.Setup - Failed to compile file: TestP.java. 
22:07:47.048 [main] DEBUG main.comp.Setup - Trying to Compile file: AnnotateType.java. 
22:07:47.131 [main] DEBUG main.comp.Setup - Compiled: AnnotateType.java Succesfully!
22:07:47.131 [main] DEBUG main.comp.Setup - Trying to Compile file: ParseVariable.java. 
22:07:47.180 [main] DEBUG main.comp.Setup - Failed to compile file: ParseVariable.java. 
22:07:47.182 [main] DEBUG main.comp.Setup - Finding Class: TestP. and executing method: main.
22:07:47.182 [main] DEBUG main.comp.Setup - Error Executing Class: TestP. and executing method: main
22:08:47.880 [main] DEBUG main.comp.Setup - Starting Setup
22:08:47.884 [main] DEBUG main.comp.Setup - Found compiler, runtime compiling available - true.
22:08:47.885 [main] DEBUG main.comp.Setup - Starting Reload Search...
22:08:47.886 [main] DEBUG main.comp.Setup - Found: 5 File in Dir: C:\Users\James.M\eclipse-workspace\jcat\src\main\java. it took: 0MS
22:08:47.886 [main] DEBUG main.comp.Setup - Starting Compile...
22:08:47.916 [main] DEBUG main.comp.Setup - Trying to Compile file: JCParser.java. 
22:08:48.126 [main] DEBUG main.comp.Setup - Failed to compile file: JCParser.java. 
22:08:48.127 [main] DEBUG main.comp.Setup - Trying to Compile file: Output.java. 
22:08:48.180 [main] DEBUG main.comp.Setup - Failed to compile file: Output.java. 
22:08:48.180 [main] DEBUG main.comp.Setup - Trying to Compile file: TestP.java. 
22:08:48.234 [main] DEBUG main.comp.Setup - Failed to compile file: TestP.java. 
22:08:48.234 [main] DEBUG main.comp.Setup - Trying to Compile file: AnnotateType.java. 
22:08:48.331 [main] DEBUG main.comp.Setup - Compiled: AnnotateType.java Succesfully!
22:08:48.331 [main] DEBUG main.comp.Setup - Trying to Compile file: ParseVariable.java. 
22:08:48.381 [main] DEBUG main.comp.Setup - Failed to compile file: ParseVariable.java. 
22:08:48.383 [main] DEBUG main.comp.Setup - Finding Class: TestP. and executing method: main.
22:08:48.384 [main] DEBUG main.comp.Setup - Error Executing Class: TestP. and executing method: main
22:09:13.141 [main] DEBUG main.comp.Setup - Starting Setup
22:09:13.144 [main] DEBUG main.comp.Setup - Found compiler, runtime compiling available - true.
22:09:13.145 [main] DEBUG main.comp.Setup - Starting Reload Search...
22:09:13.146 [main] DEBUG main.comp.Setup - Found: 5 File in Dir: C:\Users\James.M\eclipse-workspace\jcat\src\main\java. it took: 1MS
22:09:13.146 [main] DEBUG main.comp.Setup - Starting Compile... C:\Users\James.M\eclipse-workspace\jcat\src\main\java\*.java 
22:09:13.175 [main] DEBUG main.comp.Setup - Trying to Compile file: JCParser.java. 
22:09:13.388 [main] DEBUG main.comp.Setup - Failed to compile file: JCParser.java. 
22:09:13.388 [main] DEBUG main.comp.Setup - Trying to Compile file: Output.java. 
22:09:13.443 [main] DEBUG main.comp.Setup - Failed to compile file: Output.java. 
22:09:13.443 [main] DEBUG main.comp.Setup - Trying to Compile file: TestP.java. 
22:09:13.492 [main] DEBUG main.comp.Setup - Failed to compile file: TestP.java. 
22:09:13.492 [main] DEBUG main.comp.Setup - Trying to Compile file: AnnotateType.java. 
22:09:13.580 [main] DEBUG main.comp.Setup - Compiled: AnnotateType.java Succesfully!
22:09:13.581 [main] DEBUG main.comp.Setup - Trying to Compile file: ParseVariable.java. 
22:09:13.629 [main] DEBUG main.comp.Setup - Failed to compile file: ParseVariable.java. 
22:09:13.631 [main] DEBUG main.comp.Setup - Finding Class: TestP. and executing method: main.
22:09:13.631 [main] DEBUG main.comp.Setup - Error Executing Class: TestP. and executing method: main
22:15:31.159 [main] DEBUG main.comp.Setup - Starting Setup
22:15:31.163 [main] DEBUG main.comp.Setup - Found compiler, runtime compiling available - true.
22:15:31.163 [main] DEBUG main.comp.Setup - Starting Reload Search...
22:15:31.164 [main] DEBUG main.comp.Setup - Found: 5 File in Dir: C:\Users\James.M\eclipse-workspace\jcat\src\main\java. it took: 1MS
22:15:31.164 [main] DEBUG main.comp.Setup - Starting Compile... C:\Users\James.M\eclipse-workspace\jcat\src\main\java\ 
22:15:31.194 [main] DEBUG main.comp.Setup - Trying to Compile file: JCParser.java. 
22:15:31.399 [main] DEBUG main.comp.Setup - Failed to compile file: JCParser.java. 
22:15:31.399 [main] DEBUG main.comp.Setup - Trying to Compile file: Output.java. 
22:15:31.452 [main] DEBUG main.comp.Setup - Failed to compile file: Output.java. 
22:15:31.453 [main] DEBUG main.comp.Setup - Trying to Compile file: TestP.java. 
22:15:31.502 [main] DEBUG main.comp.Setup - Failed to compile file: TestP.java. 
22:15:31.503 [main] DEBUG main.comp.Setup - Trying to Compile file: AnnotateType.java. 
22:15:31.593 [main] DEBUG main.comp.Setup - Compiled: AnnotateType.java Succesfully!
22:15:31.593 [main] DEBUG main.comp.Setup - Trying to Compile file: ParseVariable.java. 
22:15:31.640 [main] DEBUG main.comp.Setup - Failed to compile file: ParseVariable.java. 
22:15:31.642 [main] DEBUG main.comp.Setup - Finding Class: TestP. and executing method: main.
22:15:31.642 [main] DEBUG main.comp.Setup - Error Executing Class: TestP. and executing method: main
22:27:47.767 [main] DEBUG main.comp.Setup - Starting Setup
22:27:47.771 [main] DEBUG main.comp.Setup - Found compiler, runtime compiling available - true.
22:27:47.771 [main] DEBUG main.comp.Setup - Starting Reload Search...
22:27:47.772 [main] DEBUG main.comp.Setup - Found: 5 File in Dir: C:\Users\James.M\eclipse-workspace\jcat\src\main\java. it took: 1MS
22:27:48.052 [main] DEBUG main.comp.Setup - Starting Compile... C:\Users\James.M\eclipse-workspace\jcat\src\main\java\ 
22:27:48.056 [main] DEBUG main.comp.Setup - Trying to Compile file: JCParser.java. 
22:27:48.124 [main] DEBUG main.comp.Setup - Failed to compile file: JCParser.java. 
22:27:48.125 [main] DEBUG main.comp.Setup - Trying to Compile file: Output.java. 
22:27:48.172 [main] DEBUG main.comp.Setup - Failed to compile file: Output.java. 
22:27:48.172 [main] DEBUG main.comp.Setup - Trying to Compile file: TestP.java. 
22:27:48.221 [main] DEBUG main.comp.Setup - Failed to compile file: TestP.java. 
22:27:48.221 [main] DEBUG main.comp.Setup - Trying to Compile file: AnnotateType.java. 
22:27:48.269 [main] DEBUG main.comp.Setup - Compiled: AnnotateType.java Succesfully!
22:27:48.269 [main] DEBUG main.comp.Setup - Trying to Compile file: ParseVariable.java. 
22:27:48.308 [main] DEBUG main.comp.Setup - Failed to compile file: ParseVariable.java. 
22:27:48.310 [main] DEBUG main.comp.Setup - Finding Class: TestP. and executing method: main.
22:27:48.310 [main] DEBUG main.comp.Setup - Error Executing Class: TestP. and executing method: main
22:29:14.444 [main] DEBUG main.comp.Setup - Starting Setup
22:29:14.447 [main] DEBUG main.comp.Setup - Found compiler, runtime compiling available - true.
22:29:14.448 [main] DEBUG main.comp.Setup - Starting Reload Search...
22:29:14.448 [main] DEBUG main.comp.Setup - Found: 5 File in Dir: C:\Users\James.M\eclipse-workspace\jcat\src\main\java. it took: 0MS
22:29:14.449 [main] DEBUG main.comp.Setup - Starting Compile... C:\Users\James.M\eclipse-workspace\jcat\src\main\java\ 
22:29:14.722 [main] DEBUG main.comp.Setup - Finding Class: TestP. and executing method: main.
22:29:14.722 [main] DEBUG main.comp.Setup - Error Executing Class: TestP. and executing method: main
22:32:32.764 [main] DEBUG main.comp.Setup - Starting Setup
22:32:32.768 [main] DEBUG main.comp.Setup - Found compiler, runtime compiling available - true.
22:32:32.768 [main] DEBUG main.comp.Setup - Starting Reload Search...
22:32:32.769 [main] DEBUG main.comp.Setup - Found: 5 File in Dir: C:\Users\James.M\eclipse-workspace\jcat\src\main\java. it took: 1MS
22:32:32.769 [main] DEBUG main.comp.Setup - Starting Compile... C:\Users\James.M\eclipse-workspace\jcat\src\main\java\ 
22:32:33.038 [main] DEBUG main.comp.Setup - Compilation successful? true
22:32:33.039 [main] DEBUG main.comp.Setup - Finding Class: TestP. and executing method: main.
22:32:33.039 [main] DEBUG main.comp.Setup - Error Executing Class: TestP. and executing method: main
22:37:27.087 [main] DEBUG main.comp.Setup - Starting Setup
22:37:27.091 [main] DEBUG main.comp.Setup - Found compiler, runtime compiling available - true.
22:37:27.091 [main] DEBUG main.comp.Setup - Starting Reload Search...
22:37:27.092 [main] DEBUG main.comp.Setup - Found: 5 File in Dir: C:\Users\James.M\eclipse-workspace\jcat\src\main\java. it took: 1MS
22:37:27.092 [main] DEBUG main.comp.Setup - Starting Compile... C:\Users\James.M\eclipse-workspace\jcat\src\main\java\ 
22:37:27.368 [main] DEBUG main.comp.Setup - Compilation successful? true
22:37:27.368 [main] DEBUG main.comp.Setup - Finding Class: TestP. and executing method: main.
22:37:27.368 [main] DEBUG main.comp.Setup - Error Executing Class: TestP. and executing method: main
22:38:06.026 [main] DEBUG main.comp.Setup - Starting Setup
22:38:06.030 [main] DEBUG main.comp.Setup - Found compiler, runtime compiling available - true.
22:38:06.031 [main] DEBUG main.comp.Setup - Starting Reload Search...
22:38:06.031 [main] DEBUG main.comp.Setup - Found: 5 File in Dir: C:\Users\James.M\eclipse-workspace\jcat\src\main\java. it took: 0MS
22:38:06.032 [main] DEBUG main.comp.Setup - Starting Compile... C:\Users\James.M\eclipse-workspace\jcat\src\main\java\ 
22:38:06.306 [main] DEBUG main.comp.Setup - Compilation successful? true
22:38:06.306 [main] DEBUG main.comp.Setup - Finding Class: TestP. and executing method: main.
22:38:06.306 [main] DEBUG main.comp.Setup - Error Executing Class: TestP. and executing method: main
22:40:45.035 [main] DEBUG main.comp.Setup - Starting Setup
22:40:45.039 [main] DEBUG main.comp.Setup - Found compiler, runtime compiling available - true.
22:40:45.039 [main] DEBUG main.comp.Setup - Starting Reload Search...
22:40:45.040 [main] DEBUG main.comp.Setup - Found: 5 File in Dir: C:\Users\James.M\eclipse-workspace\jcat\src\main\java. it took: 0MS
22:40:45.040 [main] DEBUG main.comp.Setup - Starting Compile... C:\Users\James.M\eclipse-workspace\jcat\src\main\java\ 
22:40:45.319 [main] DEBUG main.comp.Setup - Compilation successful? true
22:40:45.319 [main] DEBUG main.comp.Setup - Finding Class: jcat.com.fluffy.parsing.TestP. and executing method: main.
22:40:45.320 [main] DEBUG main.comp.Setup - Error Executing Class: jcat.com.fluffy.parsing.TestP. and executing method: main
22:42:21.227 [main] DEBUG main.comp.Setup - Starting Setup
22:42:21.230 [main] DEBUG main.comp.Setup - Found compiler, runtime compiling available - true.
22:42:21.231 [main] DEBUG main.comp.Setup - Starting Reload Search...
22:42:21.232 [main] DEBUG main.comp.Setup - Found: 5 File in Dir: C:\Users\James.M\eclipse-workspace\jcat\src\main\java. it took: 1MS
22:42:21.232 [main] DEBUG main.comp.Setup - Starting Compile... C:\Users\James.M\eclipse-workspace\jcat\src\main\java\ 
22:42:21.512 [main] DEBUG main.comp.Setup - Compilation successful? true
22:42:21.512 [main] DEBUG main.comp.Setup - Finding Class: jcat.com.fluffy.parsing.TestP. and executing method: main.
22:42:21.513 [main] DEBUG main.comp.Setup - Error Executing Class: jcat.com.fluffy.parsing.TestP. and executing method: main
22:45:40.185 [main] DEBUG main.comp.Setup - Starting Setup
22:45:40.189 [main] DEBUG main.comp.Setup - Found compiler, runtime compiling available - true.
22:45:40.190 [main] DEBUG main.comp.Setup - Starting Reload Search...
22:45:40.190 [main] DEBUG main.comp.Setup - Found: 5 File in Dir: C:\Users\James.M\eclipse-workspace\jcat\src\main\java. it took: 0MS
22:45:40.191 [main] DEBUG main.comp.Setup - Starting Compile... C:\Users\James.M\eclipse-workspace\jcat\src\main\java\ 
22:45:40.462 [main] DEBUG main.comp.Setup - Compilation successful? true
22:45:40.462 [main] DEBUG main.comp.Setup - Finding Class: jcat.com.fluffy.parsing.TestP. and executing method: main.
22:45:40.462 [main] DEBUG main.comp.Setup - Error Executing Class: jcat.com.fluffy.parsing.TestP. and executing method: main
22:45:51.286 [main] DEBUG main.comp.Setup - Starting Setup
22:45:51.289 [main] DEBUG main.comp.Setup - Found compiler, runtime compiling available - true.
22:45:51.290 [main] DEBUG main.comp.Setup - Starting Reload Search...
22:45:51.290 [main] DEBUG main.comp.Setup - Found: 5 File in Dir: C:\Users\James.M\eclipse-workspace\jcat\src\main\java. it took: 0MS
22:45:51.290 [main] DEBUG main.comp.Setup - Starting Compile... C:\Users\James.M\eclipse-workspace\jcat\src\main\java\ 
22:45:51.563 [main] DEBUG main.comp.Setup - Compilation successful? true
22:45:51.564 [main] DEBUG main.comp.Setup - Finding Class: TestP. and executing method: main.
22:45:51.564 [main] DEBUG main.comp.Setup - Error Executing Class: TestP. and executing method: main
22:55:39.312 [main] DEBUG main.comp.Setup - Starting Setup
22:55:39.315 [main] DEBUG main.comp.Setup - Found compiler, runtime compiling available - true.
22:55:39.316 [main] DEBUG main.comp.Setup - Starting Reload Search...
22:55:39.316 [main] DEBUG main.comp.Setup - Found: 5 File in Dir: C:\Users\James.M\eclipse-workspace\jcat\src\main\java. it took: 0MS
22:55:39.317 [main] DEBUG main.comp.Setup - Starting Compile... C:\Users\James.M\eclipse-workspace\jcat\src\main\java\ 
22:55:39.588 [main] DEBUG main.comp.Setup - Compilation successful? true
22:55:39.588 [main] DEBUG main.comp.Setup - Finding Class: jcat.com.fluffy.parsing.TestP. and executing method: main.
22:55:39.589 [main] DEBUG main.comp.Setup - Error Executing Class: jcat.com.fluffy.parsing.TestP. and executing method: main
22:56:47.250 [main] DEBUG main.comp.Setup - Starting Setup
22:56:47.254 [main] DEBUG main.comp.Setup - Found compiler, runtime compiling available - true.
22:56:47.254 [main] DEBUG main.comp.Setup - Starting Reload Search...
22:56:47.255 [main] DEBUG main.comp.Setup - Found: 5 File in Dir: C:\Users\James.M\eclipse-workspace\jcat\src\main\java. it took: 1MS
22:56:47.255 [main] DEBUG main.comp.Setup - Starting Compile... C:\Users\James.M\eclipse-workspace\jcat\src\main\java\ 
22:56:47.526 [main] DEBUG main.comp.Setup - Compilation successful? true
22:56:47.526 [main] DEBUG main.comp.Setup - Finding Class: jcat.com.fluffy.parsing.TestP. and executing method: main.
22:56:47.527 [main] DEBUG main.comp.Setup - Error Executing Class: jcat.com.fluffy.parsing.TestP. and executing method: main
22:57:33.141 [main] DEBUG main.comp.Setup - Starting Setup
22:57:33.145 [main] DEBUG main.comp.Setup - Found compiler, runtime compiling available - true.
22:57:33.145 [main] DEBUG main.comp.Setup - Starting Reload Search...
22:57:33.146 [main] DEBUG main.comp.Setup - Found: 5 File in Dir: C:\Users\James.M\eclipse-workspace\jcat\src\main\java. it took: 0MS
22:57:33.146 [main] DEBUG main.comp.Setup - Starting Compile... C:\Users\James.M\eclipse-workspace\jcat\src\main\java\ 
22:57:33.418 [main] DEBUG main.comp.Setup - Compilation successful? true
22:57:33.418 [main] DEBUG main.comp.Setup - Finding Class: jcat.com.fluffy.parsing.TestP. and executing method: main.
22:58:30.643 [main] DEBUG main.comp.Setup - Starting Setup
22:58:30.647 [main] DEBUG main.comp.Setup - Found compiler, runtime compiling available - true.
22:58:30.648 [main] DEBUG main.comp.Setup - Starting Reload Search...
22:58:30.648 [main] DEBUG main.comp.Setup - Found: 5 File in Dir: C:\Users\James.M\eclipse-workspace\jcat\src\main\java. it took: 0MS
22:58:30.648 [main] DEBUG main.comp.Setup - C:\Users\James.M\eclipse-workspace\jcat\src\main\java\jcat\com\fluffy\parsing\JCParser.java
22:58:30.648 [main] DEBUG main.comp.Setup - C:\Users\James.M\eclipse-workspace\jcat\src\main\java\jcat\com\fluffy\parsing\Output.java
22:58:30.648 [main] DEBUG main.comp.Setup - C:\Users\James.M\eclipse-workspace\jcat\src\main\java\jcat\com\fluffy\parsing\TestP.java
22:58:30.649 [main] DEBUG main.comp.Setup - C:\Users\James.M\eclipse-workspace\jcat\src\main\java\jcat\com\fluffy\vars\AnnotateType.java
22:58:30.649 [main] DEBUG main.comp.Setup - C:\Users\James.M\eclipse-workspace\jcat\src\main\java\jcat\com\fluffy\vars\ParseVariable.java
22:58:30.649 [main] DEBUG main.comp.Setup - Starting Compile... C:\Users\James.M\eclipse-workspace\jcat\src\main\java\ 
22:58:30.649 [main] DEBUG main.comp.Setup - Classpath: C:\Users\James.M\eclipse-workspace\HotSwap\target\classes;C:\Users\James.M\.m2\repository\org\apache\logging\log4j\log4j-api\2.7\log4j-api-2.7.jar;C:\Users\James.M\.m2\repository\org\apache\logging\log4j\log4j-core\2.7\log4j-core-2.7.jar;C:\Users\James.M\.m2\repository\org\apache\logging\log4j\log4j-slf4j-impl\2.7\log4j-slf4j-impl-2.7.jar;C:\Users\James.M\.m2\repository\org\slf4j\slf4j-api\1.7.21\slf4j-api-1.7.21.jar;C:\Users\James.M\.m2\repository\org\javassist\javassist\3.29.2-GA\javassist-3.29.2-GA.jar;C:\Users\James.M\.m2\repository\org\reflections\reflections\0.10.2\reflections-0.10.2.jar;C:\Users\James.M\.m2\repository\com\google\code\findbugs\jsr305\3.0.2\jsr305-3.0.2.jar;C:\Users\James.M\.m2\repository\org\apache\commons\commons-lang3\3.13.0\commons-lang3-3.13.0.jar;C:\Users\James.M\.m2\repository\com\google\code\gson\gson\2.10.1\gson-2.10.1.jar
22:58:30.922 [main] DEBUG main.comp.Setup - Compilation successful? true
22:58:30.922 [main] DEBUG main.comp.Setup - Finding Class: jcat.com.fluffy.parsing.TestP. and executing method: main.
22:58:56.504 [main] DEBUG main.comp.Setup - Starting Setup
22:58:56.507 [main] DEBUG main.comp.Setup - Found compiler, runtime compiling available - true.
22:58:56.508 [main] DEBUG main.comp.Setup - Starting Reload Search...
22:58:56.509 [main] DEBUG main.comp.Setup - Found: 5 File in Dir: C:\Users\James.M\eclipse-workspace\jcat\src\main\java. it took: 1MS
22:58:56.509 [main] DEBUG main.comp.Setup - C:\Users\James.M\eclipse-workspace\jcat\src\main\java\jcat\com\fluffy\parsing\JCParser.java
22:58:56.509 [main] DEBUG main.comp.Setup - C:\Users\James.M\eclipse-workspace\jcat\src\main\java\jcat\com\fluffy\parsing\Output.java
22:58:56.509 [main] DEBUG main.comp.Setup - C:\Users\James.M\eclipse-workspace\jcat\src\main\java\jcat\com\fluffy\parsing\TestP.java
22:58:56.509 [main] DEBUG main.comp.Setup - C:\Users\James.M\eclipse-workspace\jcat\src\main\java\jcat\com\fluffy\vars\AnnotateType.java
22:58:56.509 [main] DEBUG main.comp.Setup - C:\Users\James.M\eclipse-workspace\jcat\src\main\java\jcat\com\fluffy\vars\ParseVariable.java
22:58:56.509 [main] DEBUG main.comp.Setup - Starting Compile... C:\Users\James.M\eclipse-workspace\jcat\src\main\java\ 
22:58:56.509 [main] DEBUG main.comp.Setup - Classpath: C:\Users\James.M\eclipse-workspace\HotSwap\target\classes;C:\Users\James.M\.m2\repository\org\apache\logging\log4j\log4j-api\2.7\log4j-api-2.7.jar;C:\Users\James.M\.m2\repository\org\apache\logging\log4j\log4j-core\2.7\log4j-core-2.7.jar;C:\Users\James.M\.m2\repository\org\apache\logging\log4j\log4j-slf4j-impl\2.7\log4j-slf4j-impl-2.7.jar;C:\Users\James.M\.m2\repository\org\slf4j\slf4j-api\1.7.21\slf4j-api-1.7.21.jar;C:\Users\James.M\.m2\repository\org\javassist\javassist\3.29.2-GA\javassist-3.29.2-GA.jar;C:\Users\James.M\.m2\repository\org\reflections\reflections\0.10.2\reflections-0.10.2.jar;C:\Users\James.M\.m2\repository\com\google\code\findbugs\jsr305\3.0.2\jsr305-3.0.2.jar;C:\Users\James.M\.m2\repository\org\apache\commons\commons-lang3\3.13.0\commons-lang3-3.13.0.jar;C:\Users\James.M\.m2\repository\com\google\code\gson\gson\2.10.1\gson-2.10.1.jar 
22:58:56.779 [main] DEBUG main.comp.Setup - Compilation successful? true
22:58:56.779 [main] DEBUG main.comp.Setup - Finding Class: jcat.com.fluffy.parsing.TestP. and executing method: main.
23:02:00.319 [main] DEBUG main.comp.Setup - Starting Setup
23:02:05.905 [main] DEBUG main.comp.Setup - Found compiler, runtime compiling available - true.
23:02:05.906 [main] DEBUG main.comp.Setup - Starting Reload Search...
23:02:05.908 [main] DEBUG main.comp.Setup - Found: 5 File in Dir: C:\Users\James.M\eclipse-workspace\jcat\src\main\java. it took: 1MS
23:02:05.908 [main] DEBUG main.comp.Setup - C:\Users\James.M\eclipse-workspace\jcat\src\main\java\jcat\com\fluffy\parsing\JCParser.java
23:02:05.908 [main] DEBUG main.comp.Setup - C:\Users\James.M\eclipse-workspace\jcat\src\main\java\jcat\com\fluffy\parsing\Output.java
23:02:05.908 [main] DEBUG main.comp.Setup - C:\Users\James.M\eclipse-workspace\jcat\src\main\java\jcat\com\fluffy\parsing\TestP.java
23:02:05.908 [main] DEBUG main.comp.Setup - C:\Users\James.M\eclipse-workspace\jcat\src\main\java\jcat\com\fluffy\vars\AnnotateType.java
23:02:05.908 [main] DEBUG main.comp.Setup - C:\Users\James.M\eclipse-workspace\jcat\src\main\java\jcat\com\fluffy\vars\ParseVariable.java
23:02:05.908 [main] DEBUG main.comp.Setup - Starting Compile... C:\Users\James.M\eclipse-workspace\jcat\src\main\java\ 
23:02:05.909 [main] DEBUG main.comp.Setup - Classpath: C:\Users\James.M\eclipse-workspace\HotSwap\target\classes;C:\Users\James.M\.m2\repository\org\apache\logging\log4j\log4j-api\2.7\log4j-api-2.7.jar;C:\Users\James.M\.m2\repository\org\apache\logging\log4j\log4j-core\2.7\log4j-core-2.7.jar;C:\Users\James.M\.m2\repository\org\apache\logging\log4j\log4j-slf4j-impl\2.7\log4j-slf4j-impl-2.7.jar;C:\Users\James.M\.m2\repository\org\slf4j\slf4j-api\1.7.21\slf4j-api-1.7.21.jar;C:\Users\James.M\.m2\repository\org\javassist\javassist\3.29.2-GA\javassist-3.29.2-GA.jar;C:\Users\James.M\.m2\repository\org\reflections\reflections\0.10.2\reflections-0.10.2.jar;C:\Users\James.M\.m2\repository\com\google\code\findbugs\jsr305\3.0.2\jsr305-3.0.2.jar;C:\Users\James.M\.m2\repository\org\apache\commons\commons-lang3\3.13.0\commons-lang3-3.13.0.jar;C:\Users\James.M\.m2\repository\com\google\code\gson\gson\2.10.1\gson-2.10.1.jar 
23:02:06.179 [main] DEBUG main.comp.Setup - Compilation successful? true
23:02:06.179 [main] DEBUG main.comp.Setup - Finding Class: jcat.com.fluffy.parsing.TestP. and executing method: main.
23:02:13.121 [main] DEBUG main.comp.Setup - Found compiler, runtime compiling available - true.
23:02:13.121 [main] DEBUG main.comp.Setup - Starting Reload Search...
23:02:13.122 [main] DEBUG main.comp.Setup - Found: 5 File in Dir: C:\Users\James.M\eclipse-workspace\jcat\src\main\java. it took: 1MS
23:02:13.122 [main] DEBUG main.comp.Setup - C:\Users\James.M\eclipse-workspace\jcat\src\main\java\jcat\com\fluffy\parsing\JCParser.java
23:02:13.122 [main] DEBUG main.comp.Setup - C:\Users\James.M\eclipse-workspace\jcat\src\main\java\jcat\com\fluffy\parsing\Output.java
23:02:13.122 [main] DEBUG main.comp.Setup - C:\Users\James.M\eclipse-workspace\jcat\src\main\java\jcat\com\fluffy\parsing\TestP.java
23:02:13.122 [main] DEBUG main.comp.Setup - C:\Users\James.M\eclipse-workspace\jcat\src\main\java\jcat\com\fluffy\vars\AnnotateType.java
23:02:13.122 [main] DEBUG main.comp.Setup - C:\Users\James.M\eclipse-workspace\jcat\src\main\java\jcat\com\fluffy\vars\ParseVariable.java
23:02:13.122 [main] DEBUG main.comp.Setup - Starting Compile... C:\Users\James.M\eclipse-workspace\jcat\src\main\java\ 
23:02:13.122 [main] DEBUG main.comp.Setup - Classpath: C:\Users\James.M\eclipse-workspace\HotSwap\target\classes;C:\Users\James.M\.m2\repository\org\apache\logging\log4j\log4j-api\2.7\log4j-api-2.7.jar;C:\Users\James.M\.m2\repository\org\apache\logging\log4j\log4j-core\2.7\log4j-core-2.7.jar;C:\Users\James.M\.m2\repository\org\apache\logging\log4j\log4j-slf4j-impl\2.7\log4j-slf4j-impl-2.7.jar;C:\Users\James.M\.m2\repository\org\slf4j\slf4j-api\1.7.21\slf4j-api-1.7.21.jar;C:\Users\James.M\.m2\repository\org\javassist\javassist\3.29.2-GA\javassist-3.29.2-GA.jar;C:\Users\James.M\.m2\repository\org\reflections\reflections\0.10.2\reflections-0.10.2.jar;C:\Users\James.M\.m2\repository\com\google\code\findbugs\jsr305\3.0.2\jsr305-3.0.2.jar;C:\Users\James.M\.m2\repository\org\apache\commons\commons-lang3\3.13.0\commons-lang3-3.13.0.jar;C:\Users\James.M\.m2\repository\com\google\code\gson\gson\2.10.1\gson-2.10.1.jar 
23:02:13.192 [main] DEBUG main.comp.Setup - Compilation successful? true
23:02:13.192 [main] DEBUG main.comp.Setup - Finding Class: jcat.com.fluffy.parsing.TestP. and executing method: main.
23:02:34.029 [main] DEBUG main.comp.Setup - Found compiler, runtime compiling available - true.
23:02:34.029 [main] DEBUG main.comp.Setup - Starting Reload Search...
23:02:34.030 [main] DEBUG main.comp.Setup - Found: 5 File in Dir: C:\Users\James.M\eclipse-workspace\jcat\src\main\java. it took: 1MS
23:02:34.030 [main] DEBUG main.comp.Setup - C:\Users\James.M\eclipse-workspace\jcat\src\main\java\jcat\com\fluffy\parsing\JCParser.java
23:02:34.030 [main] DEBUG main.comp.Setup - C:\Users\James.M\eclipse-workspace\jcat\src\main\java\jcat\com\fluffy\parsing\Output.java
23:02:34.030 [main] DEBUG main.comp.Setup - C:\Users\James.M\eclipse-workspace\jcat\src\main\java\jcat\com\fluffy\parsing\TestP.java
23:02:34.031 [main] DEBUG main.comp.Setup - C:\Users\James.M\eclipse-workspace\jcat\src\main\java\jcat\com\fluffy\vars\AnnotateType.java
23:02:34.031 [main] DEBUG main.comp.Setup - C:\Users\James.M\eclipse-workspace\jcat\src\main\java\jcat\com\fluffy\vars\ParseVariable.java
23:02:34.031 [main] DEBUG main.comp.Setup - Starting Compile... C:\Users\James.M\eclipse-workspace\jcat\src\main\java\ 
23:02:34.031 [main] DEBUG main.comp.Setup - Classpath: C:\Users\James.M\eclipse-workspace\HotSwap\target\classes;C:\Users\James.M\.m2\repository\org\apache\logging\log4j\log4j-api\2.7\log4j-api-2.7.jar;C:\Users\James.M\.m2\repository\org\apache\logging\log4j\log4j-core\2.7\log4j-core-2.7.jar;C:\Users\James.M\.m2\repository\org\apache\logging\log4j\log4j-slf4j-impl\2.7\log4j-slf4j-impl-2.7.jar;C:\Users\James.M\.m2\repository\org\slf4j\slf4j-api\1.7.21\slf4j-api-1.7.21.jar;C:\Users\James.M\.m2\repository\org\javassist\javassist\3.29.2-GA\javassist-3.29.2-GA.jar;C:\Users\James.M\.m2\repository\org\reflections\reflections\0.10.2\reflections-0.10.2.jar;C:\Users\James.M\.m2\repository\com\google\code\findbugs\jsr305\3.0.2\jsr305-3.0.2.jar;C:\Users\James.M\.m2\repository\org\apache\commons\commons-lang3\3.13.0\commons-lang3-3.13.0.jar;C:\Users\James.M\.m2\repository\com\google\code\gson\gson\2.10.1\gson-2.10.1.jar 
23:02:34.101 [main] DEBUG main.comp.Setup - Compilation successful? true
23:02:34.102 [main] DEBUG main.comp.Setup - Finding Class: jcat.com.fluffy.parsing.TestP. and executing method: main.
23:04:03.177 [main] DEBUG main.comp.Setup - Starting Setup
23:04:07.211 [main] DEBUG main.comp.Setup - Found compiler, runtime compiling available - true.
23:04:07.212 [main] DEBUG main.comp.Setup - Starting Reload Search...
23:04:07.214 [main] DEBUG main.comp.Setup - Found: 5 File in Dir: C:\Users\James.M\eclipse-workspace\jcat\src\main\java. it took: 2MS
23:04:07.214 [main] DEBUG main.comp.Setup - C:\Users\James.M\eclipse-workspace\jcat\src\main\java\jcat\com\fluffy\parsing\JCParser.java
23:04:07.214 [main] DEBUG main.comp.Setup - C:\Users\James.M\eclipse-workspace\jcat\src\main\java\jcat\com\fluffy\parsing\Output.java
23:04:07.214 [main] DEBUG main.comp.Setup - C:\Users\James.M\eclipse-workspace\jcat\src\main\java\jcat\com\fluffy\parsing\TestP.java
23:04:07.214 [main] DEBUG main.comp.Setup - C:\Users\James.M\eclipse-workspace\jcat\src\main\java\jcat\com\fluffy\vars\AnnotateType.java
23:04:07.215 [main] DEBUG main.comp.Setup - C:\Users\James.M\eclipse-workspace\jcat\src\main\java\jcat\com\fluffy\vars\ParseVariable.java
23:04:07.215 [main] DEBUG main.comp.Setup - Starting Compile... C:\Users\James.M\eclipse-workspace\jcat\src\main\java\ 
23:04:07.215 [main] DEBUG main.comp.Setup - Classpath: C:\Users\James.M\eclipse-workspace\HotSwap\target\classes;C:\Users\James.M\.m2\repository\org\apache\logging\log4j\log4j-api\2.7\log4j-api-2.7.jar;C:\Users\James.M\.m2\repository\org\apache\logging\log4j\log4j-core\2.7\log4j-core-2.7.jar;C:\Users\James.M\.m2\repository\org\apache\logging\log4j\log4j-slf4j-impl\2.7\log4j-slf4j-impl-2.7.jar;C:\Users\James.M\.m2\repository\org\slf4j\slf4j-api\1.7.21\slf4j-api-1.7.21.jar;C:\Users\James.M\.m2\repository\org\javassist\javassist\3.29.2-GA\javassist-3.29.2-GA.jar;C:\Users\James.M\.m2\repository\org\reflections\reflections\0.10.2\reflections-0.10.2.jar;C:\Users\James.M\.m2\repository\com\google\code\findbugs\jsr305\3.0.2\jsr305-3.0.2.jar;C:\Users\James.M\.m2\repository\org\apache\commons\commons-lang3\3.13.0\commons-lang3-3.13.0.jar;C:\Users\James.M\.m2\repository\com\google\code\gson\gson\2.10.1\gson-2.10.1.jar 
23:04:07.486 [main] DEBUG main.comp.Setup - Compilation successful? true
23:04:07.486 [main] DEBUG main.comp.Setup - Finding Class: jcat.com.fluffy.parsing.TestP. and executing method: main.
11:22:53.888 [main] DEBUG main.comp.Setup - Starting Setup
11:22:53.892 [main] DEBUG main.comp.Setup - Found compiler, runtime compiling available - true.
11:22:53.893 [main] DEBUG main.comp.Setup - Starting Reload Search...
11:22:53.894 [main] DEBUG main.comp.Setup - Found: 5 File in Dir: C:\Users\James.M\eclipse-workspace\jcat\src\main\java. it took: 1MS
11:22:53.894 [main] DEBUG main.comp.Setup - C:\Users\James.M\eclipse-workspace\jcat\src\main\java\jcat\com\fluffy\parsing\JCParser.java
11:22:53.894 [main] DEBUG main.comp.Setup - C:\Users\James.M\eclipse-workspace\jcat\src\main\java\jcat\com\fluffy\parsing\Output.java
11:22:53.894 [main] DEBUG main.comp.Setup - C:\Users\James.M\eclipse-workspace\jcat\src\main\java\jcat\com\fluffy\parsing\TestP.java
11:22:53.894 [main] DEBUG main.comp.Setup - C:\Users\James.M\eclipse-workspace\jcat\src\main\java\jcat\com\fluffy\vars\AnnotateType.java
11:22:53.894 [main] DEBUG main.comp.Setup - C:\Users\James.M\eclipse-workspace\jcat\src\main\java\jcat\com\fluffy\vars\ParseVariable.java
11:22:53.896 [Timer-0] DEBUG main.comp.Setup - No File need reloading, skipping...
11:22:54.897 [Timer-0] DEBUG main.comp.Setup - No File need reloading, skipping...
11:22:55.896 [Timer-0] DEBUG main.comp.Setup - No File need reloading, skipping...
11:22:56.897 [Timer-0] DEBUG main.comp.Setup - No File need reloading, skipping...
11:22:57.898 [Timer-0] DEBUG main.comp.Setup - No File need reloading, skipping...
11:22:58.898 [Timer-0] DEBUG main.comp.Setup - No File need reloading, skipping...
11:22:59.898 [Timer-0] DEBUG main.comp.Setup - No File need reloading, skipping...
11:23:00.900 [Timer-0] DEBUG main.comp.Setup - No File need reloading, skipping...
11:23:01.898 [Timer-0] DEBUG main.comp.Setup - No File need reloading, skipping...
11:23:02.898 [Timer-0] DEBUG main.comp.Setup - No File need reloading, skipping...
11:23:03.899 [Timer-0] DEBUG main.comp.Setup - No File need reloading, skipping...
11:23:04.898 [Timer-0] DEBUG main.comp.Setup - No File need reloading, skipping...
11:23:05.899 [Timer-0] DEBUG main.comp.Setup - No File need reloading, skipping...
11:23:06.899 [Timer-0] DEBUG main.comp.Setup - No File need reloading, skipping...
11:23:07.898 [Timer-0] DEBUG main.comp.Setup - No File need reloading, skipping...
11:23:08.899 [Timer-0] DEBUG main.comp.Setup - No File need reloading, skipping...
11:23:09.901 [Timer-0] DEBUG main.comp.Setup - No File need reloading, skipping...
11:23:10.899 [Timer-0] DEBUG main.comp.Setup - No File need reloading, skipping...
11:23:11.899 [Timer-0] DEBUG main.comp.Setup - No File need reloading, skipping...
11:23:12.899 [Timer-0] DEBUG main.comp.Setup - No File need reloading, skipping...
11:23:13.902 [Timer-0] DEBUG main.comp.Setup - No File need reloading, skipping...
11:23:14.901 [Timer-0] DEBUG main.comp.Setup - No File need reloading, skipping...
11:23:15.902 [Timer-0] DEBUG main.comp.Setup - No File need reloading, skipping...
11:23:16.900 [Timer-0] DEBUG main.comp.Setup - No File need reloading, skipping...
11:23:17.903 [Timer-0] DEBUG main.comp.Setup - No File need reloading, skipping...
11:23:18.901 [Timer-0] DEBUG main.comp.Setup - No File need reloading, skipping...
11:23:19.900 [Timer-0] DEBUG main.comp.Setup - Files need reloading!
11:23:19.900 [Timer-0] DEBUG main.comp.Setup - Found compiler, runtime compiling available - true.
11:23:19.901 [Timer-0] DEBUG main.comp.Setup - Starting Compile... C:\Users\James.M\eclipse-workspace\jcat\src\main\java\ 
11:23:19.901 [Timer-0] DEBUG main.comp.Setup - Classpath: C:\Users\James.M\eclipse-workspace\HotSwap\target\classes;C:\Users\James.M\.m2\repository\org\apache\logging\log4j\log4j-api\2.7\log4j-api-2.7.jar;C:\Users\James.M\.m2\repository\org\apache\logging\log4j\log4j-core\2.7\log4j-core-2.7.jar;C:\Users\James.M\.m2\repository\org\apache\logging\log4j\log4j-slf4j-impl\2.7\log4j-slf4j-impl-2.7.jar;C:\Users\James.M\.m2\repository\org\slf4j\slf4j-api\1.7.21\slf4j-api-1.7.21.jar;C:\Users\James.M\.m2\repository\org\javassist\javassist\3.29.2-GA\javassist-3.29.2-GA.jar;C:\Users\James.M\.m2\repository\org\reflections\reflections\0.10.2\reflections-0.10.2.jar;C:\Users\James.M\.m2\repository\com\google\code\findbugs\jsr305\3.0.2\jsr305-3.0.2.jar;C:\Users\James.M\.m2\repository\org\apache\commons\commons-lang3\3.13.0\commons-lang3-3.13.0.jar;C:\Users\James.M\.m2\repository\com\google\code\gson\gson\2.10.1\gson-2.10.1.jar 
11:23:20.173 [Timer-0] DEBUG main.comp.Setup - Compilation successful? true
11:23:20.174 [Timer-0] DEBUG main.comp.Setup - Finding Class: jcat.com.fluffy.parsing.TestP. and executing method: main.
11:23:20.905 [Timer-0] DEBUG main.comp.Setup - No File need reloading, skipping...
11:23:21.903 [Timer-0] DEBUG main.comp.Setup - No File need reloading, skipping...
11:23:22.904 [Timer-0] DEBUG main.comp.Setup - No File need reloading, skipping...
11:23:23.905 [Timer-0] DEBUG main.comp.Setup - No File need reloading, skipping...
11:23:24.906 [Timer-0] DEBUG main.comp.Setup - No File need reloading, skipping...
11:23:25.906 [Timer-0] DEBUG main.comp.Setup - No File need reloading, skipping...
11:23:26.906 [Timer-0] DEBUG main.comp.Setup - No File need reloading, skipping...
11:23:27.909 [Timer-0] DEBUG main.comp.Setup - No File need reloading, skipping...
11:23:28.904 [Timer-0] DEBUG main.comp.Setup - Files need reloading!
11:23:28.904 [Timer-0] DEBUG main.comp.Setup - Found compiler, runtime compiling available - true.
11:23:28.904 [Timer-0] DEBUG main.comp.Setup - Starting Compile... C:\Users\James.M\eclipse-workspace\jcat\src\main\java\ 
11:23:28.904 [Timer-0] DEBUG main.comp.Setup - Classpath: C:\Users\James.M\eclipse-workspace\HotSwap\target\classes;C:\Users\James.M\.m2\repository\org\apache\logging\log4j\log4j-api\2.7\log4j-api-2.7.jar;C:\Users\James.M\.m2\repository\org\apache\logging\log4j\log4j-core\2.7\log4j-core-2.7.jar;C:\Users\James.M\.m2\repository\org\apache\logging\log4j\log4j-slf4j-impl\2.7\log4j-slf4j-impl-2.7.jar;C:\Users\James.M\.m2\repository\org\slf4j\slf4j-api\1.7.21\slf4j-api-1.7.21.jar;C:\Users\James.M\.m2\repository\org\javassist\javassist\3.29.2-GA\javassist-3.29.2-GA.jar;C:\Users\James.M\.m2\repository\org\reflections\reflections\0.10.2\reflections-0.10.2.jar;C:\Users\James.M\.m2\repository\com\google\code\findbugs\jsr305\3.0.2\jsr305-3.0.2.jar;C:\Users\James.M\.m2\repository\org\apache\commons\commons-lang3\3.13.0\commons-lang3-3.13.0.jar;C:\Users\James.M\.m2\repository\com\google\code\gson\gson\2.10.1\gson-2.10.1.jar 
11:23:28.985 [Timer-0] DEBUG main.comp.Setup - Compilation successful? true
11:23:28.985 [Timer-0] DEBUG main.comp.Setup - Finding Class: jcat.com.fluffy.parsing.TestP. and executing method: main.
11:23:29.906 [Timer-0] DEBUG main.comp.Setup - No File need reloading, skipping...
11:23:30.910 [Timer-0] DEBUG main.comp.Setup - No File need reloading, skipping...
11:23:31.908 [Timer-0] DEBUG main.comp.Setup - No File need reloading, skipping...
11:23:32.912 [Timer-0] DEBUG main.comp.Setup - No File need reloading, skipping...
11:23:33.908 [Timer-0] DEBUG main.comp.Setup - No File need reloading, skipping...
11:23:34.913 [Timer-0] DEBUG main.comp.Setup - No File need reloading, skipping...
11:23:35.913 [Timer-0] DEBUG main.comp.Setup - No File need reloading, skipping...
11:23:36.910 [Timer-0] DEBUG main.comp.Setup - No File need reloading, skipping...
11:23:37.912 [Timer-0] DEBUG main.comp.Setup - No File need reloading, skipping...
11:23:38.915 [Timer-0] DEBUG main.comp.Setup - No File need reloading, skipping...
11:23:39.914 [Timer-0] DEBUG main.comp.Setup - No File need reloading, skipping...
11:23:40.915 [Timer-0] DEBUG main.comp.Setup - No File need reloading, skipping...
11:23:41.916 [Timer-0] DEBUG main.comp.Setup - No File need reloading, skipping...
11:23:42.911 [Timer-0] DEBUG main.comp.Setup - No File need reloading, skipping...
11:23:43.912 [Timer-0] DEBUG main.comp.Setup - No File need reloading, skipping...
11:23:44.916 [Timer-0] DEBUG main.comp.Setup - No File need reloading, skipping...
11:23:45.917 [Timer-0] DEBUG main.comp.Setup - No File need reloading, skipping...
11:23:46.917 [Timer-0] DEBUG main.comp.Setup - No File need reloading, skipping...
11:23:47.917 [Timer-0] DEBUG main.comp.Setup - No File need reloading, skipping...
11:23:48.913 [Timer-0] DEBUG main.comp.Setup - No File need reloading, skipping...
11:23:49.918 [Timer-0] DEBUG main.comp.Setup - No File need reloading, skipping...
11:23:50.910 [Timer-0] DEBUG main.comp.Setup - Files need reloading!
11:23:50.910 [Timer-0] DEBUG main.comp.Setup - Found compiler, runtime compiling available - true.
11:23:50.910 [Timer-0] DEBUG main.comp.Setup - Starting Compile... C:\Users\James.M\eclipse-workspace\jcat\src\main\java\ 
11:23:50.910 [Timer-0] DEBUG main.comp.Setup - Classpath: C:\Users\James.M\eclipse-workspace\HotSwap\target\classes;C:\Users\James.M\.m2\repository\org\apache\logging\log4j\log4j-api\2.7\log4j-api-2.7.jar;C:\Users\James.M\.m2\repository\org\apache\logging\log4j\log4j-core\2.7\log4j-core-2.7.jar;C:\Users\James.M\.m2\repository\org\apache\logging\log4j\log4j-slf4j-impl\2.7\log4j-slf4j-impl-2.7.jar;C:\Users\James.M\.m2\repository\org\slf4j\slf4j-api\1.7.21\slf4j-api-1.7.21.jar;C:\Users\James.M\.m2\repository\org\javassist\javassist\3.29.2-GA\javassist-3.29.2-GA.jar;C:\Users\James.M\.m2\repository\org\reflections\reflections\0.10.2\reflections-0.10.2.jar;C:\Users\James.M\.m2\repository\com\google\code\findbugs\jsr305\3.0.2\jsr305-3.0.2.jar;C:\Users\James.M\.m2\repository\org\apache\commons\commons-lang3\3.13.0\commons-lang3-3.13.0.jar;C:\Users\James.M\.m2\repository\com\google\code\gson\gson\2.10.1\gson-2.10.1.jar 
11:23:50.986 [Timer-0] DEBUG main.comp.Setup - Compilation successful? true
11:23:50.986 [Timer-0] DEBUG main.comp.Setup - Finding Class: jcat.com.fluffy.parsing.TestP. and executing method: main.
11:23:51.920 [Timer-0] DEBUG main.comp.Setup - No File need reloading, skipping...
11:23:52.920 [Timer-0] DEBUG main.comp.Setup - No File need reloading, skipping...
11:23:53.920 [Timer-0] DEBUG main.comp.Setup - No File need reloading, skipping...
11:23:54.920 [Timer-0] DEBUG main.comp.Setup - No File need reloading, skipping...
11:23:55.920 [Timer-0] DEBUG main.comp.Setup - No File need reloading, skipping...
11:23:56.916 [Timer-0] DEBUG main.comp.Setup - No File need reloading, skipping...
11:23:57.915 [Timer-0] DEBUG main.comp.Setup - No File need reloading, skipping...
11:23:58.916 [Timer-0] DEBUG main.comp.Setup - No File need reloading, skipping...
11:23:59.921 [Timer-0] DEBUG main.comp.Setup - No File need reloading, skipping...
11:24:00.920 [Timer-0] DEBUG main.comp.Setup - No File need reloading, skipping...
11:24:01.921 [Timer-0] DEBUG main.comp.Setup - No File need reloading, skipping...
11:24:02.926 [Timer-0] DEBUG main.comp.Setup - No File need reloading, skipping...
11:24:03.926 [Timer-0] DEBUG main.comp.Setup - No File need reloading, skipping...
11:24:04.931 [Timer-0] DEBUG main.comp.Setup - No File need reloading, skipping...
11:24:05.940 [Timer-0] DEBUG main.comp.Setup - No File need reloading, skipping...
11:24:06.947 [Timer-0] DEBUG main.comp.Setup - No File need reloading, skipping...
11:24:07.947 [Timer-0] DEBUG main.comp.Setup - No File need reloading, skipping...
11:24:08.947 [Timer-0] DEBUG main.comp.Setup - No File need reloading, skipping...
11:24:09.941 [Timer-0] DEBUG main.comp.Setup - No File need reloading, skipping...
11:24:10.941 [Timer-0] DEBUG main.comp.Setup - No File need reloading, skipping...
11:24:11.942 [Timer-0] DEBUG main.comp.Setup - No File need reloading, skipping...
11:24:12.949 [Timer-0] DEBUG main.comp.Setup - No File need reloading, skipping...
11:24:13.949 [Timer-0] DEBUG main.comp.Setup - No File need reloading, skipping...
11:24:14.942 [Timer-0] DEBUG main.comp.Setup - No File need reloading, skipping...
11:24:15.949 [Timer-0] DEBUG main.comp.Setup - No File need reloading, skipping...
11:24:16.950 [Timer-0] DEBUG main.comp.Setup - No File need reloading, skipping...
11:24:17.945 [Timer-0] DEBUG main.comp.Setup - No File need reloading, skipping...
11:24:18.944 [Timer-0] DEBUG main.comp.Setup - No File need reloading, skipping...
11:24:19.941 [Timer-0] DEBUG main.comp.Setup - Files need reloading!
11:24:19.941 [Timer-0] DEBUG main.comp.Setup - Found compiler, runtime compiling available - true.
11:24:19.941 [Timer-0] DEBUG main.comp.Setup - Starting Compile... C:\Users\James.M\eclipse-workspace\jcat\src\main\java\ 
11:24:19.941 [Timer-0] DEBUG main.comp.Setup - Classpath: C:\Users\James.M\eclipse-workspace\HotSwap\target\classes;C:\Users\James.M\.m2\repository\org\apache\logging\log4j\log4j-api\2.7\log4j-api-2.7.jar;C:\Users\James.M\.m2\repository\org\apache\logging\log4j\log4j-core\2.7\log4j-core-2.7.jar;C:\Users\James.M\.m2\repository\org\apache\logging\log4j\log4j-slf4j-impl\2.7\log4j-slf4j-impl-2.7.jar;C:\Users\James.M\.m2\repository\org\slf4j\slf4j-api\1.7.21\slf4j-api-1.7.21.jar;C:\Users\James.M\.m2\repository\org\javassist\javassist\3.29.2-GA\javassist-3.29.2-GA.jar;C:\Users\James.M\.m2\repository\org\reflections\reflections\0.10.2\reflections-0.10.2.jar;C:\Users\James.M\.m2\repository\com\google\code\findbugs\jsr305\3.0.2\jsr305-3.0.2.jar;C:\Users\James.M\.m2\repository\org\apache\commons\commons-lang3\3.13.0\commons-lang3-3.13.0.jar;C:\Users\James.M\.m2\repository\com\google\code\gson\gson\2.10.1\gson-2.10.1.jar 
11:24:20.019 [Timer-0] DEBUG main.comp.Setup - Compilation successful? true
11:24:20.019 [Timer-0] DEBUG main.comp.Setup - Finding Class: jcat.com.fluffy.parsing.TestP. and executing method: main.
11:24:20.953 [Timer-0] DEBUG main.comp.Setup - No File need reloading, skipping...
11:24:21.946 [Timer-0] DEBUG main.comp.Setup - No File need reloading, skipping...
11:24:22.953 [Timer-0] DEBUG main.comp.Setup - No File need reloading, skipping...
11:24:23.946 [Timer-0] DEBUG main.comp.Setup - No File need reloading, skipping...
11:24:24.954 [Timer-0] DEBUG main.comp.Setup - No File need reloading, skipping...
11:24:25.954 [Timer-0] DEBUG main.comp.Setup - No File need reloading, skipping...
11:24:26.955 [Timer-0] DEBUG main.comp.Setup - No File need reloading, skipping...
11:24:27.954 [Timer-0] DEBUG main.comp.Setup - No File need reloading, skipping...
11:24:28.955 [Timer-0] DEBUG main.comp.Setup - No File need reloading, skipping...
11:24:29.956 [Timer-0] DEBUG main.comp.Setup - No File need reloading, skipping...
11:24:30.957 [Timer-0] DEBUG main.comp.Setup - No File need reloading, skipping...
11:24:31.949 [Timer-0] DEBUG main.comp.Setup - No File need reloading, skipping...
11:24:32.957 [Timer-0] DEBUG main.comp.Setup - No File need reloading, skipping...
11:24:33.944 [Timer-0] DEBUG main.comp.Setup - Files need reloading!
11:24:33.944 [Timer-0] DEBUG main.comp.Setup - Found compiler, runtime compiling available - true.
11:24:33.944 [Timer-0] DEBUG main.comp.Setup - Starting Compile... C:\Users\James.M\eclipse-workspace\jcat\src\main\java\ 
11:24:33.944 [Timer-0] DEBUG main.comp.Setup - Classpath: C:\Users\James.M\eclipse-workspace\HotSwap\target\classes;C:\Users\James.M\.m2\repository\org\apache\logging\log4j\log4j-api\2.7\log4j-api-2.7.jar;C:\Users\James.M\.m2\repository\org\apache\logging\log4j\log4j-core\2.7\log4j-core-2.7.jar;C:\Users\James.M\.m2\repository\org\apache\logging\log4j\log4j-slf4j-impl\2.7\log4j-slf4j-impl-2.7.jar;C:\Users\James.M\.m2\repository\org\slf4j\slf4j-api\1.7.21\slf4j-api-1.7.21.jar;C:\Users\James.M\.m2\repository\org\javassist\javassist\3.29.2-GA\javassist-3.29.2-GA.jar;C:\Users\James.M\.m2\repository\org\reflections\reflections\0.10.2\reflections-0.10.2.jar;C:\Users\James.M\.m2\repository\com\google\code\findbugs\jsr305\3.0.2\jsr305-3.0.2.jar;C:\Users\James.M\.m2\repository\org\apache\commons\commons-lang3\3.13.0\commons-lang3-3.13.0.jar;C:\Users\James.M\.m2\repository\com\google\code\gson\gson\2.10.1\gson-2.10.1.jar 
11:24:34.010 [Timer-0] DEBUG main.comp.Setup - Compilation successful? true
11:24:34.010 [Timer-0] DEBUG main.comp.Setup - Finding Class: jcat.com.fluffy.parsing.TestP. and executing method: main.
11:24:34.966 [Timer-0] DEBUG main.comp.Setup - No File need reloading, skipping...
11:24:35.960 [Timer-0] DEBUG main.comp.Setup - No File need reloading, skipping...
11:24:36.966 [Timer-0] DEBUG main.comp.Setup - No File need reloading, skipping...
11:24:37.967 [Timer-0] DEBUG main.comp.Setup - No File need reloading, skipping...
11:24:38.959 [Timer-0] DEBUG main.comp.Setup - No File need reloading, skipping...
11:24:39.966 [Timer-0] DEBUG main.comp.Setup - No File need reloading, skipping...
11:24:40.968 [Timer-0] DEBUG main.comp.Setup - No File need reloading, skipping...
11:24:41.960 [Timer-0] DEBUG main.comp.Setup - No File need reloading, skipping...
11:24:42.967 [Timer-0] DEBUG main.comp.Setup - No File need reloading, skipping...
11:24:43.969 [Timer-0] DEBUG main.comp.Setup - No File need reloading, skipping...
11:24:44.961 [Timer-0] DEBUG main.comp.Setup - No File need reloading, skipping...
11:26:33.078 [main] DEBUG main.comp.Setup - Starting Setup
11:26:33.081 [main] DEBUG main.comp.Setup - Found compiler, runtime compiling available - true.
11:26:33.082 [main] DEBUG main.comp.Setup - Starting Reload Search...
11:26:33.082 [main] DEBUG main.comp.Setup - Found: 5 File in Dir: C:\Users\James.M\eclipse-workspace\jcat\src\main\java. it took: 0MS
11:26:33.082 [main] DEBUG main.comp.Setup - C:\Users\James.M\eclipse-workspace\jcat\src\main\java\jcat\com\fluffy\parsing\JCParser.java
11:26:33.082 [main] DEBUG main.comp.Setup - C:\Users\James.M\eclipse-workspace\jcat\src\main\java\jcat\com\fluffy\parsing\Output.java
11:26:33.082 [main] DEBUG main.comp.Setup - C:\Users\James.M\eclipse-workspace\jcat\src\main\java\jcat\com\fluffy\parsing\TestP.java
11:26:33.083 [main] DEBUG main.comp.Setup - C:\Users\James.M\eclipse-workspace\jcat\src\main\java\jcat\com\fluffy\vars\AnnotateType.java
11:26:33.083 [main] DEBUG main.comp.Setup - C:\Users\James.M\eclipse-workspace\jcat\src\main\java\jcat\com\fluffy\vars\ParseVariable.java
11:26:33.084 [Timer-0] DEBUG main.comp.Setup - No File need reloading, skipping...
11:26:34.085 [Timer-0] DEBUG main.comp.Setup - No File need reloading, skipping...
11:26:35.086 [Timer-0] DEBUG main.comp.Setup - No File need reloading, skipping...
11:26:36.085 [Timer-0] DEBUG main.comp.Setup - No File need reloading, skipping...
11:26:37.086 [Timer-0] DEBUG main.comp.Setup - No File need reloading, skipping...
11:26:38.086 [Timer-0] DEBUG main.comp.Setup - No File need reloading, skipping...
11:26:39.087 [Timer-0] DEBUG main.comp.Setup - No File need reloading, skipping...
11:26:40.086 [Timer-0] DEBUG main.comp.Setup - No File need reloading, skipping...
11:26:41.088 [Timer-0] DEBUG main.comp.Setup - No File need reloading, skipping...
11:26:42.087 [Timer-0] DEBUG main.comp.Setup - Files need reloading!
11:26:42.087 [Timer-0] DEBUG main.comp.Setup - Found compiler, runtime compiling available - true.
11:26:42.087 [Timer-0] DEBUG main.comp.Setup - Starting Compile... C:\Users\James.M\eclipse-workspace\jcat\src\main\java\ 
11:26:42.088 [Timer-0] DEBUG main.comp.Setup - Classpath: C:\Users\James.M\eclipse-workspace\HotSwap\target\classes;C:\Users\James.M\.m2\repository\org\apache\logging\log4j\log4j-api\2.7\log4j-api-2.7.jar;C:\Users\James.M\.m2\repository\org\apache\logging\log4j\log4j-core\2.7\log4j-core-2.7.jar;C:\Users\James.M\.m2\repository\org\apache\logging\log4j\log4j-slf4j-impl\2.7\log4j-slf4j-impl-2.7.jar;C:\Users\James.M\.m2\repository\org\slf4j\slf4j-api\1.7.21\slf4j-api-1.7.21.jar;C:\Users\James.M\.m2\repository\org\javassist\javassist\3.29.2-GA\javassist-3.29.2-GA.jar;C:\Users\James.M\.m2\repository\org\reflections\reflections\0.10.2\reflections-0.10.2.jar;C:\Users\James.M\.m2\repository\com\google\code\findbugs\jsr305\3.0.2\jsr305-3.0.2.jar;C:\Users\James.M\.m2\repository\org\apache\commons\commons-lang3\3.13.0\commons-lang3-3.13.0.jar;C:\Users\James.M\.m2\repository\com\google\code\gson\gson\2.10.1\gson-2.10.1.jar 
11:26:42.363 [Timer-0] DEBUG main.comp.Setup - Compilation successful? true
11:26:42.363 [Timer-0] DEBUG main.comp.Setup - Finding Class: jcat.com.fluffy.parsing.TestP. and executing method: main.
11:26:43.089 [Timer-0] DEBUG main.comp.Setup - No File need reloading, skipping...
11:26:44.089 [Timer-0] DEBUG main.comp.Setup - No File need reloading, skipping...
11:26:45.088 [Timer-0] DEBUG main.comp.Setup - No File need reloading, skipping...
11:26:46.089 [Timer-0] DEBUG main.comp.Setup - No File need reloading, skipping...
11:26:47.090 [Timer-0] DEBUG main.comp.Setup - No File need reloading, skipping...
11:26:48.089 [Timer-0] DEBUG main.comp.Setup - No File need reloading, skipping...
11:26:49.090 [Timer-0] DEBUG main.comp.Setup - No File need reloading, skipping...
11:26:50.090 [Timer-0] DEBUG main.comp.Setup - No File need reloading, skipping...
11:26:51.089 [Timer-0] DEBUG main.comp.Setup - No File need reloading, skipping...
11:26:52.090 [Timer-0] DEBUG main.comp.Setup - No File need reloading, skipping...
11:26:53.092 [Timer-0] DEBUG main.comp.Setup - No File need reloading, skipping...
11:26:54.090 [Timer-0] DEBUG main.comp.Setup - No File need reloading, skipping...
11:26:55.090 [Timer-0] DEBUG main.comp.Setup - No File need reloading, skipping...
11:26:56.090 [Timer-0] DEBUG main.comp.Setup - No File need reloading, skipping...
11:26:57.091 [Timer-0] DEBUG main.comp.Setup - No File need reloading, skipping...
11:26:58.091 [Timer-0] DEBUG main.comp.Setup - No File need reloading, skipping...
11:26:59.094 [Timer-0] DEBUG main.comp.Setup - No File need reloading, skipping...
